{
  "stats": {
    "suites": 1,
    "tests": 1,
    "passes": 1,
    "pending": 0,
    "failures": 0,
    "start": "2023-02-05T18:54:18.370Z",
    "end": "2023-02-05T18:54:18.717Z",
    "duration": 347,
    "testsRegistered": 1,
    "passPercent": 100,
    "pendingPercent": 0,
    "other": 0,
    "hasOther": false,
    "skipped": 0,
    "hasSkipped": false
  },
  "results": [
    {
      "uuid": "793a0599-f41d-45cb-844b-658f1456789f",
      "title": "",
      "fullFile": "cypress\\e2e\\login.cy.js",
      "file": "cypress\\e2e\\login.cy.js",
      "beforeHooks": [],
      "afterHooks": [],
      "tests": [],
      "suites": [
        {
          "uuid": "1eb7bb10-ab8b-43a0-b15a-2e7a882ed5d0",
          "title": "Login - Teste da API SrvRest",
          "fullFile": "",
          "file": "",
          "beforeHooks": [],
          "afterHooks": [],
          "tests": [
            {
              "title": "Deve fazer Login com sucesso",
              "fullTitle": "Login - Teste da API SrvRest Deve fazer Login com sucesso",
              "timedOut": null,
              "duration": 226,
              "state": "passed",
              "speed": "fast",
              "pass": true,
              "fail": false,
              "pending": false,
              "context": null,
              "code": "cy.request({\n  method: \"POST\",\n  url: \"http://localhost:3000/login\",\n  body: {\n    \"email\": \"beltrano@teste2.com.br\",\n    \"password\": \"teste\"\n  }\n}).then(response => {\n  expect(response.status).equal(200);\n  expect(response.body.message).equal(\"Login realizado com sucesso\");\n  cy.log(response.body.authorization);\n});",
              "err": {},
              "uuid": "f1c2a99f-d51d-4935-862b-bf18a4439075",
              "parentUUID": "1eb7bb10-ab8b-43a0-b15a-2e7a882ed5d0",
              "isHook": false,
              "skipped": false
            }
          ],
          "suites": [],
          "passes": [
            "f1c2a99f-d51d-4935-862b-bf18a4439075"
          ],
          "failures": [],
          "pending": [],
          "skipped": [],
          "duration": 226,
          "root": false,
          "rootEmpty": false,
          "_timeout": 2000
        }
      ],
      "passes": [],
      "failures": [],
      "pending": [],
      "skipped": [],
      "duration": 0,
      "root": true,
      "rootEmpty": true,
      "_timeout": 2000
    }
  ],
  "meta": {
    "mocha": {
      "version": "7.0.1"
    },
    "mochawesome": {
      "options": {
        "quiet": false,
        "reportFilename": "mochawesome",
        "saveHtml": false,
        "saveJson": true,
        "consoleReporter": "spec",
        "useInlineDiffs": false,
        "code": true
      },
      "version": "7.1.3"
    },
    "marge": {
      "options": {
        "reportDir": "mochawesome-report",
        "overwrite": false,
        "html": false,
        "json": true
      },
      "version": "6.2.0"
    }
  }
}