{
  "stats": {
    "suites": 2,
    "tests": 2,
    "passes": 2,
    "pending": 0,
    "failures": 0,
    "start": "2023-01-19T00:15:59.924Z",
    "end": "2023-01-19T00:16:04.449Z",
    "duration": 438,
    "testsRegistered": 2,
    "passPercent": 100,
    "pendingPercent": 0,
    "other": 0,
    "hasOther": false,
    "skipped": 0,
    "hasSkipped": false
  },
  "results": [
    {
      "uuid": "37a39ab8-7de5-4908-9269-5b7c9b94cfaf",
      "title": "",
      "fullFile": "cypress\\e2e\\produtos.cy.js",
      "file": "cypress\\e2e\\produtos.cy.js",
      "beforeHooks": [],
      "afterHooks": [],
      "tests": [],
      "suites": [
        {
          "uuid": "0ae2faf9-d6a5-4821-aec2-2c26e0715a0c",
          "title": "Teste da Funcionalidade Produtos - Teste da API SrvRest",
          "fullFile": "",
          "file": "",
          "beforeHooks": [],
          "afterHooks": [],
          "tests": [
            {
              "title": "Deve validar contrato de produto",
              "fullTitle": "Teste da Funcionalidade Produtos - Teste da API SrvRest Deve validar contrato de produto",
              "timedOut": null,
              "duration": 207,
              "state": "passed",
              "speed": "fast",
              "pass": true,
              "fail": false,
              "pending": false,
              "context": null,
              "code": "cy.request('produtos').then(response => {\n  return _produtos.default.validateAsync(response.body);\n});",
              "err": {},
              "uuid": "dbff5390-cf57-4538-9191-0488a8249211",
              "parentUUID": "0ae2faf9-d6a5-4821-aec2-2c26e0715a0c",
              "isHook": false,
              "skipped": false
            }
          ],
          "suites": [],
          "passes": [
            "dbff5390-cf57-4538-9191-0488a8249211"
          ],
          "failures": [],
          "pending": [],
          "skipped": [],
          "duration": 207,
          "root": false,
          "rootEmpty": false,
          "_timeout": 2000
        }
      ],
      "passes": [],
      "failures": [],
      "pending": [],
      "skipped": [],
      "duration": 0,
      "root": true,
      "rootEmpty": true,
      "_timeout": 2000
    },
    {
      "uuid": "1b281178-ee31-4a51-98a7-802e12d987cd",
      "title": "",
      "fullFile": "cypress\\e2e\\login.cy.js",
      "file": "cypress\\e2e\\login.cy.js",
      "beforeHooks": [],
      "afterHooks": [],
      "tests": [],
      "suites": [
        {
          "uuid": "5f8ca243-f29b-4baf-8f42-b47d8230bda3",
          "title": "Login - Teste da API SrvRest",
          "fullFile": "",
          "file": "",
          "beforeHooks": [],
          "afterHooks": [],
          "tests": [
            {
              "title": "Deve fazer Login com sucesso",
              "fullTitle": "Login - Teste da API SrvRest Deve fazer Login com sucesso",
              "timedOut": null,
              "duration": 231,
              "state": "passed",
              "speed": "fast",
              "pass": true,
              "fail": false,
              "pending": false,
              "context": null,
              "code": "cy.request({\n  method: \"POST\",\n  url: \"http://localhost:3000/login\",\n  body: {\n    \"email\": \"beltrano@teste2.com.br\",\n    \"password\": \"teste\"\n  }\n}).then(response => {\n  expect(response.status).equal(200);\n  expect(response.body.message).equal(\"Login realizado com sucesso\");\n  cy.log(response.body.authorization);\n});",
              "err": {},
              "uuid": "e04d361f-5102-4426-a93e-d0b660328582",
              "parentUUID": "5f8ca243-f29b-4baf-8f42-b47d8230bda3",
              "isHook": false,
              "skipped": false
            }
          ],
          "suites": [],
          "passes": [
            "e04d361f-5102-4426-a93e-d0b660328582"
          ],
          "failures": [],
          "pending": [],
          "skipped": [],
          "duration": 231,
          "root": false,
          "rootEmpty": false,
          "_timeout": 2000
        }
      ],
      "passes": [],
      "failures": [],
      "pending": [],
      "skipped": [],
      "duration": 0,
      "root": true,
      "rootEmpty": true,
      "_timeout": 2000
    }
  ],
  "meta": {
    "mocha": {
      "version": "7.0.1"
    },
    "mochawesome": {
      "options": {
        "quiet": false,
        "reportFilename": "mochawesome",
        "saveHtml": false,
        "saveJson": true,
        "consoleReporter": "spec",
        "useInlineDiffs": false,
        "code": true
      },
      "version": "7.1.3"
    },
    "marge": {
      "options": {
        "reportDir": "mochawesome-report",
        "overwrite": false,
        "html": false,
        "json": true
      },
      "version": "6.2.0"
    }
  }
}